\BOOKMARK [0][-]{chapter.1}{Introduction}{}% 1
\BOOKMARK [1][-]{section.1.1}{Definition\040of\040the\040problem}{chapter.1}% 2
\BOOKMARK [1][-]{section.1.2}{Why\040problem\040is\040worth\040solving,\040challenges\040which\040occur\040during\040this\040type\040of\040classification}{chapter.1}% 3
\BOOKMARK [1][-]{section.1.3}{Description\040of\040data}{chapter.1}% 4
\BOOKMARK [1][-]{section.1.4}{Achievements}{chapter.1}% 5
\BOOKMARK [0][-]{chapter.2}{Literature\040review}{}% 6
\BOOKMARK [1][-]{section.2.1}{Automatic\040visual\040classification\040apps}{chapter.2}% 7
\BOOKMARK [1][-]{section.2.2}{Flower\040classification\040apps}{chapter.2}% 8
\BOOKMARK [1][-]{section.2.3}{Flower\040Classification}{chapter.2}% 9
\BOOKMARK [1][-]{section.2.4}{Convolutional\040Neural\040Networks}{chapter.2}% 10
\BOOKMARK [0][-]{chapter.3}{Classification}{}% 11
\BOOKMARK [1][-]{section.3.1}{Convolutional\040neural\040network\040\(CNN\)\040based\040feature\040extraction}{chapter.3}% 12
\BOOKMARK [1][-]{section.3.2}{Support\040vector\040machine\040\(SVM\)\040image\040classification}{chapter.3}% 13
\BOOKMARK [2][-]{subsection.3.2.1}{How\040SVMs\040are\040used\040in\040the\040classification\040pipeline}{section.3.2}% 14
\BOOKMARK [2][-]{subsection.3.2.2}{Training\040and\040testing\040SVMs}{section.3.2}% 15
\BOOKMARK [1][-]{section.3.3}{Experiments}{chapter.3}% 16
\BOOKMARK [2][-]{subsection.3.3.1}{Results}{section.3.3}% 17
\BOOKMARK [2][-]{subsection.3.3.2}{Analysis\040of\040results}{section.3.3}% 18
\BOOKMARK [1][-]{section.3.4}{Training\040and\040test\040set\040augmentation}{chapter.3}% 19
\BOOKMARK [0][-]{chapter.4}{Client\040and\040server\040architecture}{}% 20
\BOOKMARK [1][-]{section.4.1}{Overview\040of\040client\040and\040server\040architecture}{chapter.4}% 21
\BOOKMARK [1][-]{section.4.2}{Client\040architecture}{chapter.4}% 22
\BOOKMARK [2][-]{subsection.4.2.1}{Taking\040the\040photo}{section.4.2}% 23
\BOOKMARK [2][-]{subsection.4.2.2}{Uploading\040the\040photo}{section.4.2}% 24
\BOOKMARK [2][-]{subsection.4.2.3}{Receiving\040results}{section.4.2}% 25
\BOOKMARK [1][-]{section.4.3}{Server\040architecture}{chapter.4}% 26
\BOOKMARK [2][-]{subsection.4.3.1}{Flask\040server}{section.4.3}% 27
\BOOKMARK [2][-]{subsection.4.3.2}{Connection\040between\040servers}{section.4.3}% 28
\BOOKMARK [2][-]{subsection.4.3.3}{Backend\040server}{section.4.3}% 29
\BOOKMARK [0][-]{chapter.5}{Application\040design}{}% 30
\BOOKMARK [1][-]{section.5.1}{User\040interface\040design}{chapter.5}% 31
\BOOKMARK [2][-]{subsection.5.1.1}{Material\040theme}{section.5.1}% 32
\BOOKMARK [2][-]{subsection.5.1.2}{List\040and\040detail\040views}{section.5.1}% 33
\BOOKMARK [2][-]{subsection.5.1.3}{Button\040and\040icon\040design}{section.5.1}% 34
\BOOKMARK [1][-]{section.5.2}{User\040experience\040design}{chapter.5}% 35
\BOOKMARK [2][-]{subsection.5.2.1}{Simplification}{section.5.2}% 36
\BOOKMARK [2][-]{subsection.5.2.2}{Flower\040images}{section.5.2}% 37
\BOOKMARK [0][-]{chapter.6}{Conclusions\040and\040future\040work}{}% 38
\BOOKMARK [1][-]{subsection.6.0.3}{No\040good\040classification\040option}{chapter.6}% 39
\BOOKMARK [1][-]{section.6.1}{Conclusions}{chapter.6}% 40
\BOOKMARK [1][-]{section.6.2}{Porting\040algorithm\040to\040Android}{chapter.6}% 41
